<?xml version="1.0" encoding="UTF-8"?>
<!-- Generated by org.testng.reporters.JUnitXMLReporter -->
<testsuite ignored="0" hostname="LAPTOP-22H2D9OF" failures="0" tests="6" name="Default test" time="19.989" errors="0" timestamp="2024-05-26T18:27:28 IST">
  <testcase classname="api.test.DataDrivenTest" name="testPostuser" time="5.701"/>
  <testcase classname="api.test.DataDrivenTest" name="testPostuser" time="2.813"/>
  <testcase classname="api.test.DataDrivenTest" name="testPostuser" time="2.564"/>
  <testcase classname="api.test.DataDrivenTest" name="testDeleteUserByName" time="2.039"/>
  <testcase classname="api.test.DataDrivenTest" name="testDeleteUserByName" time="2.306"/>
  <testcase classname="api.test.DataDrivenTest" name="testDeleteUserByName" time="1.841"/>
</testsuite> <!-- Default test -->
