<?xml version="1.0" encoding="UTF-8"?>
<!-- Generated by org.testng.reporters.JUnitXMLReporter -->
<testsuite ignored="0" hostname="LAPTOP-22H2D9OF" failures="0" tests="4" name="PetTest" time="22.192" errors="0" timestamp="2024-05-26T20:35:00 IST">
  <testcase classname="api.test.UserTests2" name="testPostUser" time="9.327"/>
  <testcase classname="api.test.UserTests2" name="testGetUserByName" time="2.545"/>
  <testcase classname="api.test.UserTests2" name="testUpdateUserByName" time="5.362"/>
  <testcase classname="api.test.UserTests2" name="testDeleteUserByName" time="2.616"/>
</testsuite> <!-- PetTest -->
