<?xml version="1.0" encoding="UTF-8"?>
<!-- Generated by org.testng.reporters.JUnitXMLReporter -->
<testsuite ignored="0" hostname="LAPTOP-22H2D9OF" failures="1" tests="4" name="PetTest" time="16.793" errors="0" timestamp="2024-05-26T20:25:50 IST">
  <testcase classname="api.test.UserTests2" name="testPostUser" time="7.016"/>
  <testcase classname="api.test.UserTests2" name="testGetUserByName" time="4.56"/>
  <testcase classname="api.test.UserTests2" name="testUpdateUserByName" time="0.004">
    <failure type="java.lang.Error" message="Unresolved compilation problem: 
	UserEndPoints2 cannot be resolved
">
      <![CDATA[java.lang.Error: Unresolved compilation problem: 
UserEndPoints2 cannot be resolved

at api.test.UserTests2.testUpdateUserByName(UserTests2.java:80)
at java.base/java.util.ArrayList.forEach(ArrayList.java:1511)
... Removed 25 stack frames]]>
    </failure>
  </testcase> <!-- testUpdateUserByName -->
  <testcase classname="api.test.UserTests2" name="testDeleteUserByName" time="2.357"/>
</testsuite> <!-- PetTest -->
